This is pdfTeX, Version 3.14159265-2.6-1.40.19 (TeX Live 2018) (preloaded format=pdflatex 2018.5.11)  18 MAY 2018 06:24
entering extended mode
 restricted \write18 enabled.
 %&-line parsing enabled.
**Konsta_Kutvonen_report4.tex
(./Konsta_Kutvonen_report4.tex
LaTeX2e <2018-04-01> patch level 2
Babel <3.18> and hyphenation patterns for 84 language(s) loaded.
(/usr/local/texlive/2018/texmf-dist/tex/latex/base/article.cls
Document Class: article 2014/09/29 v1.4h Standard LaTeX document class
(/usr/local/texlive/2018/texmf-dist/tex/latex/base/size10.clo
File: size10.clo 2014/09/29 v1.4h Standard LaTeX file (size option)
)
\c@part=\count80
\c@section=\count81
\c@subsection=\count82
\c@subsubsection=\count83
\c@paragraph=\count84
\c@subparagraph=\count85
\c@figure=\count86
\c@table=\count87
\abovecaptionskip=\skip41
\belowcaptionskip=\skip42
\bibindent=\dimen102
)
(/usr/local/texlive/2018/texmf-dist/tex/latex/base/inputenc.sty
Package: inputenc 2018/04/06 v1.3b Input encoding file
\inpenc@prehook=\toks14
\inpenc@posthook=\toks15
)
(/usr/local/texlive/2018/texmf-dist/tex/latex/graphics/graphicx.sty
Package: graphicx 2017/06/01 v1.1a Enhanced LaTeX Graphics (DPC,SPQR)

(/usr/local/texlive/2018/texmf-dist/tex/latex/graphics/keyval.sty
Package: keyval 2014/10/28 v1.15 key=value parser (DPC)
\KV@toks@=\toks16
)
(/usr/local/texlive/2018/texmf-dist/tex/latex/graphics/graphics.sty
Package: graphics 2017/06/25 v1.2c Standard LaTeX Graphics (DPC,SPQR)

(/usr/local/texlive/2018/texmf-dist/tex/latex/graphics/trig.sty
Package: trig 2016/01/03 v1.10 sin cos tan (DPC)
)
(/usr/local/texlive/2018/texmf-dist/tex/latex/graphics-cfg/graphics.cfg
File: graphics.cfg 2016/06/04 v1.11 sample graphics configuration
)
Package graphics Info: Driver file: pdftex.def on input line 99.

(/usr/local/texlive/2018/texmf-dist/tex/latex/graphics-def/pdftex.def
File: pdftex.def 2018/01/08 v1.0l Graphics/color driver for pdftex
))
\Gin@req@height=\dimen103
\Gin@req@width=\dimen104
)
(/usr/local/texlive/2018/texmf-dist/tex/latex/float/float.sty
Package: float 2001/11/08 v1.3d Float enhancements (AL)
\c@float@type=\count88
\float@exts=\toks17
\float@box=\box26
\@float@everytoks=\toks18
\@floatcapt=\box27
)
\@float@every@figure=\toks19

(./Konsta_Kutvonen_report4.aux)
\openout1 = `Konsta_Kutvonen_report4.aux'.

LaTeX Font Info:    Checking defaults for OML/cmm/m/it on input line 7.
LaTeX Font Info:    ... okay on input line 7.
LaTeX Font Info:    Checking defaults for T1/cmr/m/n on input line 7.
LaTeX Font Info:    ... okay on input line 7.
LaTeX Font Info:    Checking defaults for OT1/cmr/m/n on input line 7.
LaTeX Font Info:    ... okay on input line 7.
LaTeX Font Info:    Checking defaults for OMS/cmsy/m/n on input line 7.
LaTeX Font Info:    ... okay on input line 7.
LaTeX Font Info:    Checking defaults for OMX/cmex/m/n on input line 7.
LaTeX Font Info:    ... okay on input line 7.
LaTeX Font Info:    Checking defaults for U/cmr/m/n on input line 7.
LaTeX Font Info:    ... okay on input line 7.

(/usr/local/texlive/2018/texmf-dist/tex/context/base/mkii/supp-pdf.mkii
[Loading MPS to PDF converter (version 2006.09.02).]
\scratchcounter=\count89
\scratchdimen=\dimen105
\scratchbox=\box28
\nofMPsegments=\count90
\nofMParguments=\count91
\everyMPshowfont=\toks20
\MPscratchCnt=\count92
\MPscratchDim=\dimen106
\MPnumerator=\count93
\makeMPintoPDFobject=\count94
\everyMPtoPDFconversion=\toks21
) (/usr/local/texlive/2018/texmf-dist/tex/latex/oberdiek/epstopdf-base.sty
Package: epstopdf-base 2016/05/15 v2.6 Base part for package epstopdf

(/usr/local/texlive/2018/texmf-dist/tex/generic/oberdiek/infwarerr.sty
Package: infwarerr 2016/05/16 v1.4 Providing info/warning/error messages (HO)
)
(/usr/local/texlive/2018/texmf-dist/tex/latex/oberdiek/grfext.sty
Package: grfext 2016/05/16 v1.2 Manage graphics extensions (HO)

(/usr/local/texlive/2018/texmf-dist/tex/generic/oberdiek/kvdefinekeys.sty
Package: kvdefinekeys 2016/05/16 v1.4 Define keys (HO)

(/usr/local/texlive/2018/texmf-dist/tex/generic/oberdiek/ltxcmds.sty
Package: ltxcmds 2016/05/16 v1.23 LaTeX kernel commands for general use (HO)
)))
(/usr/local/texlive/2018/texmf-dist/tex/latex/oberdiek/kvoptions.sty
Package: kvoptions 2016/05/16 v3.12 Key value format for package options (HO)

(/usr/local/texlive/2018/texmf-dist/tex/generic/oberdiek/kvsetkeys.sty
Package: kvsetkeys 2016/05/16 v1.17 Key value parser (HO)

(/usr/local/texlive/2018/texmf-dist/tex/generic/oberdiek/etexcmds.sty
Package: etexcmds 2016/05/16 v1.6 Avoid name clashes with e-TeX commands (HO)

(/usr/local/texlive/2018/texmf-dist/tex/generic/oberdiek/ifluatex.sty
Package: ifluatex 2016/05/16 v1.4 Provides the ifluatex switch (HO)
Package ifluatex Info: LuaTeX not detected.
)
Package etexcmds Info: Could not find \expanded.
(etexcmds)             That can mean that you are not using pdfTeX 1.50 or
(etexcmds)             that some package has redefined \expanded.
(etexcmds)             In the latter case, load this package earlier.
)))
(/usr/local/texlive/2018/texmf-dist/tex/generic/oberdiek/pdftexcmds.sty
Package: pdftexcmds 2018/01/30 v0.27 Utility functions of pdfTeX for LuaTeX (HO
)

(/usr/local/texlive/2018/texmf-dist/tex/generic/oberdiek/ifpdf.sty
Package: ifpdf 2017/03/15 v3.2 Provides the ifpdf switch
)
Package pdftexcmds Info: LuaTeX not detected.
Package pdftexcmds Info: \pdf@primitive is available.
Package pdftexcmds Info: \pdf@ifprimitive is available.
Package pdftexcmds Info: \pdfdraftmode found.
)
Package epstopdf-base Info: Redefining graphics rule for `.eps' on input line 4
38.
Package grfext Info: Graphics extension search list:
(grfext)             [.pdf,.png,.jpg,.mps,.jpeg,.jbig2,.jb2,.PDF,.PNG,.JPG,.JPE
G,.JBIG2,.JB2,.eps]
(grfext)             \AppendGraphicsExtensions on input line 456.

(/usr/local/texlive/2018/texmf-dist/tex/latex/latexconfig/epstopdf-sys.cfg
File: epstopdf-sys.cfg 2010/07/13 v1.3 Configuration of (r)epstopdf for TeX Liv
e
))
LaTeX Font Info:    External font `cmex10' loaded for size
(Font)              <12> on input line 12.
LaTeX Font Info:    External font `cmex10' loaded for size
(Font)              <8> on input line 12.
LaTeX Font Info:    External font `cmex10' loaded for size
(Font)              <6> on input line 12.

[1

{/usr/local/texlive/2018/texmf-var/fonts/map/pdftex/updmap/pdftex.map}]
[2]
Overfull \hbox (221.99506pt too wide) in paragraph at lines 271--271
[]    \OT1/cmtt/m/n/10 cv2.line(cp, (np.int32(a1 + fram.shape[1]), np.int32(b1)
), (np.int32(a2), np.int32(b2)), (0, 255, 0), 1)[] 
 []

[3]
Overfull \hbox (279.74455pt too wide) in paragraph at lines 271--271
[]                \OT1/cmtt/m/n/10 cv2.line(cp, (np.int32(a1+ fram.shape[1]), n
p.int32(b1)), (np.int32(a2), np.int32(b2)), (0, 255, 0), 1)[] 
 []


Overfull \hbox (32.9967pt too wide) in paragraph at lines 271--271
[]\OT1/cmtt/m/n/10 img3 = cv2.drawMatchesKnn(post, k1, fram, k2,matches,None,**
draw_params)[] 
 []


Overfull \hbox (59.24648pt too wide) in paragraph at lines 271--271
[]\OT1/cmtt/m/n/10 face_cascade = cv2.CascadeClassifier('./haarcascade_frontalf
ace_default.xml')[] 
 []


Overfull \hbox (17.24684pt too wide) in paragraph at lines 271--271
[]\OT1/cmtt/m/n/10 prof_cascade = cv2.CascadeClassifier('./haarcascade_profilef
ace.xml')[] 
 []


Overfull \hbox (64.49643pt too wide) in paragraph at lines 271--271
[]\OT1/cmtt/m/n/10 face_cascade2 = cv2.CascadeClassifier('./haarcascade_frontal
face_default.xml')[] 
 []


Overfull \hbox (64.49643pt too wide) in paragraph at lines 271--271
[]\OT1/cmtt/m/n/10 glass_cascade = cv2.CascadeClassifier('./haarcascade_eye_tre
e_eyeglasses.xml')[] 
 []


Overfull \hbox (6.74693pt too wide) in paragraph at lines 271--271
[]\OT1/cmtt/m/n/10 body_cascade = cv2.CascadeClassifier('./haarcascade_upperbod
y.xml')[] 
 []

[4]
Overfull \hbox (1.49698pt too wide) in paragraph at lines 271--271
[]        \OT1/cmtt/m/n/10 cv2.rectangle(roi_color,(ex,ey),(ex+ew,ey+eh),(0,255
,0),2)[] 
 []

[5]
Overfull \hbox (158.9956pt too wide) in paragraph at lines 271--271
[]        \OT1/cmtt/m/n/10 cv2.line(cp, (np.int32(a1), np.int32(b1)), (np.int32
(a2), np.int32(b2)), (0, 255, 0), 1)[] 
 []


Overfull \hbox (1.49698pt too wide) in paragraph at lines 271--271
[]    \OT1/cmtt/m/n/10 # search_params = dict(checks=50)   # or pass empty dict
ionary[] 
 []


Overfull \hbox (74.99634pt too wide) in paragraph at lines 271--271
[]    \OT1/cmtt/m/n/10 # img3 = cv2.drawMatchesKnn(post, k1, frame, kk ,matches
,None,**draw_params)[] 
 []

[6]
Overfull \hbox (64.49643pt too wide) in paragraph at lines 271--271
[]\OT1/cmtt/m/n/10 # faceCascade = cv2.CascadeClassifier('./haarcascade_frontal
face_default.xml')[] 
 []


Overfull \hbox (1.49698pt too wide) in paragraph at lines 271--271
[]\OT1/cmtt/m/n/10 #         cv2.rectangle(frame, (x, y), (x+w, y+h), (0, 255, 
0), 2)[] 
 []

[7]
<combined.jpeg, id=31, 1321.93875pt x 722.7pt>
File: combined.jpeg Graphic file (type jpg)
<use combined.jpeg>
Package pdftex.def Info: combined.jpeg  used on input line 276.
(pdftex.def)             Requested size: 207.0021pt x 113.1642pt.
<alllines.jpeg, id=32, 1321.93875pt x 722.7pt>
File: alllines.jpeg Graphic file (type jpg)
<use alllines.jpeg>
Package pdftex.def Info: alllines.jpeg  used on input line 281.
(pdftex.def)             Requested size: 207.0021pt x 113.1642pt.
<linest.jpeg, id=33, 1321.93875pt x 722.7pt>
File: linest.jpeg Graphic file (type jpg)
<use linest.jpeg>
Package pdftex.def Info: linest.jpeg  used on input line 286.
(pdftex.def)             Requested size: 207.0021pt x 113.1642pt.
<frameslow.jpeg, id=34, 1284.8pt x 963.6pt>
File: frameslow.jpeg Graphic file (type jpg)
<use frameslow.jpeg>
Package pdftex.def Info: frameslow.jpeg  used on input line 292.
(pdftex.def)             Requested size: 345.0pt x 258.74925pt.
<flannv.jpg, id=35, 1643.13875pt x 963.6pt>
File: flannv.jpg Graphic file (type jpg)
<use flannv.jpg>
Package pdftex.def Info: flannv.jpg  used on input line 297.
(pdftex.def)             Requested size: 345.0pt x 202.31786pt.
<pplface.jpeg, id=36, 803.0pt x 602.25pt>
File: pplface.jpeg Graphic file (type jpg)
<use pplface.jpeg>
Package pdftex.def Info: pplface.jpeg  used on input line 302.
(pdftex.def)             Requested size: 345.0pt x 258.75108pt.
<pplfacesmile.jpeg, id=37, 803.0pt x 602.25pt>
File: pplfacesmile.jpeg Graphic file (type jpg)
<use pplfacesmile.jpeg>
Package pdftex.def Info: pplfacesmile.jpeg  used on input line 307.
(pdftex.def)             Requested size: 345.0pt x 258.75108pt.
<pplub.jpeg, id=38, 803.0pt x 602.25pt>
File: pplub.jpeg Graphic file (type jpg)
<use pplub.jpeg>
Package pdftex.def Info: pplub.jpeg  used on input line 312.
(pdftex.def)             Requested size: 345.0pt x 258.75108pt.
<hbd.jpeg, id=39, 1284.8pt x 722.7pt>
File: hbd.jpeg Graphic file (type jpg)
<use hbd.jpeg>
Package pdftex.def Info: hbd.jpeg  used on input line 317.
(pdftex.def)             Requested size: 345.0pt x 194.06194pt.
<hbp.jpeg, id=40, 1284.8pt x 722.7pt>
File: hbp.jpeg Graphic file (type jpg)
<use hbp.jpeg>
Package pdftex.def Info: hbp.jpeg  used on input line 322.
(pdftex.def)             Requested size: 345.0pt x 194.06194pt.
<hbub.jpeg, id=41, 1284.8pt x 722.7pt>
File: hbub.jpeg Graphic file (type jpg)
<use hbub.jpeg>
Package pdftex.def Info: hbub.jpeg  used on input line 327.
(pdftex.def)             Requested size: 345.0pt x 194.06194pt.
<dpfacesmile.jpeg, id=42, 1104.125pt x 742.775pt>
File: dpfacesmile.jpeg Graphic file (type jpg)
<use dpfacesmile.jpeg>
Package pdftex.def Info: dpfacesmile.jpeg  used on input line 332.
(pdftex.def)             Requested size: 345.0pt x 232.09395pt.
 [8 <./combined.jpeg> <./alllines.jpeg> <./linest.jpeg>] [9 <./frameslow.jpeg> 
<./flannv.jpg>] [10 <./pplface.jpeg>] [11 <./pplfacesmile.jpeg>] [12 <./pplub.j
peg> <./hbd.jpeg>] [13 <./hbp.jpeg> <./hbub.jpeg>] [14 <./dpfacesmile.jpeg>] (.
/Konsta_Kutvonen_report4.aux) ) 
Here is how much of TeX's memory you used:
 1581 strings out of 492649
 23057 string characters out of 6129622
 89131 words of memory out of 5000000
 5449 multiletter control sequences out of 15000+600000
 8410 words of font info for 30 fonts, out of 8000000 for 9000
 1141 hyphenation exceptions out of 8191
 41i,6n,25p,290b,250s stack positions out of 5000i,500n,10000p,200000b,80000s
</usr/local/texlive/2018/texmf-dist/fonts/type1/
public/amsfonts/cm/cmbx10.pfb></usr/local/texlive/2018/texmf-dist/fonts/type1/p
ublic/amsfonts/cm/cmbx12.pfb></usr/local/texlive/2018/texmf-dist/fonts/type1/pu
blic/amsfonts/cm/cmr10.pfb></usr/local/texlive/2018/texmf-dist/fonts/type1/publ
ic/amsfonts/cm/cmr12.pfb></usr/local/texlive/2018/texmf-dist/fonts/type1/public
/amsfonts/cm/cmr17.pfb></usr/local/texlive/2018/texmf-dist/fonts/type1/public/a
msfonts/cm/cmti12.pfb></usr/local/texlive/2018/texmf-dist/fonts/type1/public/am
sfonts/cm/cmtt10.pfb>
Output written on Konsta_Kutvonen_report4.pdf (14 pages, 3984657 bytes).
PDF statistics:
 90 PDF objects out of 1000 (max. 8388607)
 54 compressed objects within 1 object stream
 0 named destinations out of 1000 (max. 500000)
 61 words of extra memory for PDF output out of 10000 (max. 10000000)

