This is pdfTeX, Version 3.14159265-2.6-1.40.19 (TeX Live 2018) (preloaded format=pdflatex 2018.5.11)  17 MAY 2018 01:39
entering extended mode
 restricted \write18 enabled.
 %&-line parsing enabled.
**Konsta_Kutvonen_report3.tex
(./Konsta_Kutvonen_report3.tex
LaTeX2e <2018-04-01> patch level 2
Babel <3.18> and hyphenation patterns for 84 language(s) loaded.
(/usr/local/texlive/2018/texmf-dist/tex/latex/base/article.cls
Document Class: article 2014/09/29 v1.4h Standard LaTeX document class
(/usr/local/texlive/2018/texmf-dist/tex/latex/base/size10.clo
File: size10.clo 2014/09/29 v1.4h Standard LaTeX file (size option)
)
\c@part=\count80
\c@section=\count81
\c@subsection=\count82
\c@subsubsection=\count83
\c@paragraph=\count84
\c@subparagraph=\count85
\c@figure=\count86
\c@table=\count87
\abovecaptionskip=\skip41
\belowcaptionskip=\skip42
\bibindent=\dimen102
)
(/usr/local/texlive/2018/texmf-dist/tex/latex/base/inputenc.sty
Package: inputenc 2018/04/06 v1.3b Input encoding file
\inpenc@prehook=\toks14
\inpenc@posthook=\toks15
)
(/usr/local/texlive/2018/texmf-dist/tex/latex/graphics/graphicx.sty
Package: graphicx 2017/06/01 v1.1a Enhanced LaTeX Graphics (DPC,SPQR)

(/usr/local/texlive/2018/texmf-dist/tex/latex/graphics/keyval.sty
Package: keyval 2014/10/28 v1.15 key=value parser (DPC)
\KV@toks@=\toks16
)
(/usr/local/texlive/2018/texmf-dist/tex/latex/graphics/graphics.sty
Package: graphics 2017/06/25 v1.2c Standard LaTeX Graphics (DPC,SPQR)

(/usr/local/texlive/2018/texmf-dist/tex/latex/graphics/trig.sty
Package: trig 2016/01/03 v1.10 sin cos tan (DPC)
)
(/usr/local/texlive/2018/texmf-dist/tex/latex/graphics-cfg/graphics.cfg
File: graphics.cfg 2016/06/04 v1.11 sample graphics configuration
)
Package graphics Info: Driver file: pdftex.def on input line 99.

(/usr/local/texlive/2018/texmf-dist/tex/latex/graphics-def/pdftex.def
File: pdftex.def 2018/01/08 v1.0l Graphics/color driver for pdftex
))
\Gin@req@height=\dimen103
\Gin@req@width=\dimen104
)
(/usr/local/texlive/2018/texmf-dist/tex/latex/float/float.sty
Package: float 2001/11/08 v1.3d Float enhancements (AL)
\c@float@type=\count88
\float@exts=\toks17
\float@box=\box26
\@float@everytoks=\toks18
\@floatcapt=\box27
)
\@float@every@figure=\toks19

(./Konsta_Kutvonen_report3.aux)
\openout1 = `Konsta_Kutvonen_report3.aux'.

LaTeX Font Info:    Checking defaults for OML/cmm/m/it on input line 7.
LaTeX Font Info:    ... okay on input line 7.
LaTeX Font Info:    Checking defaults for T1/cmr/m/n on input line 7.
LaTeX Font Info:    ... okay on input line 7.
LaTeX Font Info:    Checking defaults for OT1/cmr/m/n on input line 7.
LaTeX Font Info:    ... okay on input line 7.
LaTeX Font Info:    Checking defaults for OMS/cmsy/m/n on input line 7.
LaTeX Font Info:    ... okay on input line 7.
LaTeX Font Info:    Checking defaults for OMX/cmex/m/n on input line 7.
LaTeX Font Info:    ... okay on input line 7.
LaTeX Font Info:    Checking defaults for U/cmr/m/n on input line 7.
LaTeX Font Info:    ... okay on input line 7.

(/usr/local/texlive/2018/texmf-dist/tex/context/base/mkii/supp-pdf.mkii
[Loading MPS to PDF converter (version 2006.09.02).]
\scratchcounter=\count89
\scratchdimen=\dimen105
\scratchbox=\box28
\nofMPsegments=\count90
\nofMParguments=\count91
\everyMPshowfont=\toks20
\MPscratchCnt=\count92
\MPscratchDim=\dimen106
\MPnumerator=\count93
\makeMPintoPDFobject=\count94
\everyMPtoPDFconversion=\toks21
) (/usr/local/texlive/2018/texmf-dist/tex/latex/oberdiek/epstopdf-base.sty
Package: epstopdf-base 2016/05/15 v2.6 Base part for package epstopdf

(/usr/local/texlive/2018/texmf-dist/tex/generic/oberdiek/infwarerr.sty
Package: infwarerr 2016/05/16 v1.4 Providing info/warning/error messages (HO)
)
(/usr/local/texlive/2018/texmf-dist/tex/latex/oberdiek/grfext.sty
Package: grfext 2016/05/16 v1.2 Manage graphics extensions (HO)

(/usr/local/texlive/2018/texmf-dist/tex/generic/oberdiek/kvdefinekeys.sty
Package: kvdefinekeys 2016/05/16 v1.4 Define keys (HO)

(/usr/local/texlive/2018/texmf-dist/tex/generic/oberdiek/ltxcmds.sty
Package: ltxcmds 2016/05/16 v1.23 LaTeX kernel commands for general use (HO)
)))
(/usr/local/texlive/2018/texmf-dist/tex/latex/oberdiek/kvoptions.sty
Package: kvoptions 2016/05/16 v3.12 Key value format for package options (HO)

(/usr/local/texlive/2018/texmf-dist/tex/generic/oberdiek/kvsetkeys.sty
Package: kvsetkeys 2016/05/16 v1.17 Key value parser (HO)

(/usr/local/texlive/2018/texmf-dist/tex/generic/oberdiek/etexcmds.sty
Package: etexcmds 2016/05/16 v1.6 Avoid name clashes with e-TeX commands (HO)

(/usr/local/texlive/2018/texmf-dist/tex/generic/oberdiek/ifluatex.sty
Package: ifluatex 2016/05/16 v1.4 Provides the ifluatex switch (HO)
Package ifluatex Info: LuaTeX not detected.
)
Package etexcmds Info: Could not find \expanded.
(etexcmds)             That can mean that you are not using pdfTeX 1.50 or
(etexcmds)             that some package has redefined \expanded.
(etexcmds)             In the latter case, load this package earlier.
)))
(/usr/local/texlive/2018/texmf-dist/tex/generic/oberdiek/pdftexcmds.sty
Package: pdftexcmds 2018/01/30 v0.27 Utility functions of pdfTeX for LuaTeX (HO
)

(/usr/local/texlive/2018/texmf-dist/tex/generic/oberdiek/ifpdf.sty
Package: ifpdf 2017/03/15 v3.2 Provides the ifpdf switch
)
Package pdftexcmds Info: LuaTeX not detected.
Package pdftexcmds Info: \pdf@primitive is available.
Package pdftexcmds Info: \pdf@ifprimitive is available.
Package pdftexcmds Info: \pdfdraftmode found.
)
Package epstopdf-base Info: Redefining graphics rule for `.eps' on input line 4
38.
Package grfext Info: Graphics extension search list:
(grfext)             [.pdf,.png,.jpg,.mps,.jpeg,.jbig2,.jb2,.PDF,.PNG,.JPG,.JPE
G,.JBIG2,.JB2,.eps]
(grfext)             \AppendGraphicsExtensions on input line 456.

(/usr/local/texlive/2018/texmf-dist/tex/latex/latexconfig/epstopdf-sys.cfg
File: epstopdf-sys.cfg 2010/07/13 v1.3 Configuration of (r)epstopdf for TeX Liv
e
))
LaTeX Font Info:    External font `cmex10' loaded for size
(Font)              <12> on input line 12.
LaTeX Font Info:    External font `cmex10' loaded for size
(Font)              <8> on input line 12.
LaTeX Font Info:    External font `cmex10' loaded for size
(Font)              <6> on input line 12.

[1

{/usr/local/texlive/2018/texmf-var/fonts/map/pdftex/updmap/pdftex.map}]
Overfull \hbox (22.4968pt too wide) in paragraph at lines 240--240
[]\OT1/cmtt/m/n/10 skeleton = cv2.imread('bear-skeleton-a.pbm', cv2.IMREAD_GRAY
SCALE)/255[] 
 []


Overfull \hbox (405.74345pt too wide) in paragraph at lines 240--240
[]            \OT1/cmtt/m/n/10 tot = A[i + 1][j + 1] + A[i][j + 1] + A[i + 1][j
] + A[i - 1][j - 1] + A[i - 1][j] + A[i][j - 1] + A[i + 1][j - 1] + A[i - 1][j 
+ 1][] 
 []

[2]
Overfull \hbox (22.4968pt too wide) in paragraph at lines 240--240
[]\OT1/cmtt/m/n/10 skeleton = cv2.imread('bear-skeleton-a.pbm', cv2.IMREAD_GRAY
SCALE)/255[] 
 []

[3]
Overfull \hbox (148.4957pt too wide) in paragraph at lines 240--240
[]\OT1/cmtt/m/n/10 circles = findendpoints(skeleton, 1) + findendpoints(skeleto
n, 3) + findendpoints(skeleton, 4)[] 
 []


Overfull \hbox (22.4968pt too wide) in paragraph at lines 240--240
[]\OT1/cmtt/m/n/10 skeleton = cv2.imread('bear-skeleton-a.pbm', cv2.IMREAD_GRAY
SCALE)/255[] 
 []


Overfull \hbox (22.4968pt too wide) in paragraph at lines 240--240
[]\OT1/cmtt/m/n/10 umbr = cv2.imread('umbrella-skeleton-a.pbm', cv2.IMREAD_GRAY
SCALE)/255[] 
 []


Overfull \hbox (85.49625pt too wide) in paragraph at lines 240--240
[]\OT1/cmtt/m/n/10 circles = findendpoints(umbr, 1) + findendpoints(umbr, 3) + 
findendpoints(umbr, 4)[] 
 []

[4]
Overfull \hbox (85.49625pt too wide) in paragraph at lines 240--240
[]\OT1/cmtt/m/n/10 circles = findendpoints(umbr, 1) + findendpoints(umbr, 3) + 
findendpoints(umbr, 4)[] 
 []


Overfull \hbox (27.74675pt too wide) in paragraph at lines 240--240
[]    \OT1/cmtt/m/n/10 train_set, valid_set, test_set = pickle.load(fs, encodin
g='latin1')[] 
 []

[5]
Overfull \hbox (122.24593pt too wide) in paragraph at lines 240--240
[]\OT1/cmtt/m/n/10 knn.train(train_x[0:20000], cv2.ml.ROW_SAMPLE, np.array((tra
in_y[0:20000]) , np.float32))[] 
 []


Overfull \hbox (11.99689pt too wide) in paragraph at lines 240--240
[]\OT1/cmtt/m/n/10 ret, results, neighbours, dist = knn.findNearest(test_x[0:10
000], 5)[] 
 []

[6] [7]
<card.jpg, id=31, 803.0pt x 241.90375pt>
File: card.jpg Graphic file (type jpg)
<use card.jpg>
Package pdftex.def Info: card.jpg  used on input line 244.
(pdftex.def)             Requested size: 103.50105pt x 31.17912pt.
<beard.jpg, id=32, 336.25626pt x 250.9375pt>
File: beard.jpg Graphic file (type jpg)
<use beard.jpg>
Package pdftex.def Info: beard.jpg  used on input line 245.
(pdftex.def)             Requested size: 103.50105pt x 77.23843pt.
<umbd.jpg, id=33, 920.43875pt x 728.7225pt>
File: umbd.jpg Graphic file (type jpg)
<use umbd.jpg>
Package pdftex.def Info: umbd.jpg  used on input line 246.
(pdftex.def)             Requested size: 103.50105pt x 81.93881pt.
<carskelly.jpg, id=34, 803.0pt x 241.90375pt>
File: carskelly.jpg Graphic file (type jpg)
<use carskelly.jpg>
Package pdftex.def Info: carskelly.jpg  used on input line 252.
(pdftex.def)             Requested size: 310.4979pt x 93.5374pt.
<bearskelly.jpg, id=35, 336.25626pt x 250.9375pt>
File: bearskelly.jpg Graphic file (type jpg)
<use bearskelly.jpg>
Package pdftex.def Info: bearskelly.jpg  used on input line 257.
(pdftex.def)             Requested size: 310.4979pt x 231.71532pt.
<umbrskelly.jpg, id=36, 920.43875pt x 728.7225pt>
File: umbrskelly.jpg Graphic file (type jpg)
<use umbrskelly.jpg>
Package pdftex.def Info: umbrskelly.jpg  used on input line 262.
(pdftex.def)             Requested size: 310.4979pt x 245.82759pt.
<lbp1.jpg, id=37, 28.105pt x 28.105pt>
File: lbp1.jpg Graphic file (type jpg)
<use lbp1.jpg>
Package pdftex.def Info: lbp1.jpg  used on input line 272.
(pdftex.def)             Requested size: 172.5pt x 172.56847pt.
<lbp2.jpg, id=38, 28.105pt x 28.105pt>
File: lbp2.jpg Graphic file (type jpg)
<use lbp2.jpg>
Package pdftex.def Info: lbp2.jpg  used on input line 273.
(pdftex.def)             Requested size: 172.5pt x 172.56847pt.
<lbp3.jpg, id=39, 28.105pt x 28.105pt>
File: lbp3.jpg Graphic file (type jpg)
<use lbp3.jpg>
Package pdftex.def Info: lbp3.jpg  used on input line 274.
(pdftex.def)             Requested size: 172.5pt x 172.56847pt.
<lbp4.jpg, id=40, 28.105pt x 28.105pt>
File: lbp4.jpg Graphic file (type jpg)
<use lbp4.jpg>
Package pdftex.def Info: lbp4.jpg  used on input line 275.
(pdftex.def)             Requested size: 172.5pt x 172.56847pt.
<histogram.png, id=41, 433.62pt x 289.08pt>
File: histogram.png Graphic file (type png)
<use histogram.png>
Package pdftex.def Info: histogram.png  used on input line 276.
(pdftex.def)             Requested size: 345.0pt x 230.01158pt.

Overfull \hbox (2.22221pt too wide) in paragraph at lines 272--277
[][] []
 []


Overfull \hbox (2.22221pt too wide) in paragraph at lines 272--277
[] []
 []


Overfull \hbox (2.77779pt too wide) in paragraph at lines 272--277
[]\OT1/cmr/m/n/10 ] 
 []


LaTeX Warning: Float too large for page by 47.33739pt on input line 280.

[8 <./card.jpg> <./beard.jpg> <./umbd.jpg> <./carskelly.jpg> <./bearskelly.jpg>
] [9 <./umbrskelly.jpg>] [10 <./lbp1.jpg> <./lbp2.jpg> <./lbp3.jpg> <./lbp4.jpg
> <./histogram.png>] (./Konsta_Kutvonen_report3.aux) ) 
Here is how much of TeX's memory you used:
 1574 strings out of 492649
 22890 string characters out of 6129622
 89131 words of memory out of 5000000
 5445 multiletter control sequences out of 15000+600000
 8410 words of font info for 30 fonts, out of 8000000 for 9000
 1141 hyphenation exceptions out of 8191
 41i,6n,25p,694b,246s stack positions out of 5000i,500n,10000p,200000b,80000s
</usr/local/texlive/2018/
texmf-dist/fonts/type1/public/amsfonts/cm/cmbx10.pfb></usr/local/texlive/2018/t
exmf-dist/fonts/type1/public/amsfonts/cm/cmbx12.pfb></usr/local/texlive/2018/te
xmf-dist/fonts/type1/public/amsfonts/cm/cmr10.pfb></usr/local/texlive/2018/texm
f-dist/fonts/type1/public/amsfonts/cm/cmr12.pfb></usr/local/texlive/2018/texmf-
dist/fonts/type1/public/amsfonts/cm/cmr17.pfb></usr/local/texlive/2018/texmf-di
st/fonts/type1/public/amsfonts/cm/cmti12.pfb></usr/local/texlive/2018/texmf-dis
t/fonts/type1/public/amsfonts/cm/cmtt10.pfb>
Output written on Konsta_Kutvonen_report3.pdf (10 pages, 238294 bytes).
PDF statistics:
 78 PDF objects out of 1000 (max. 8388607)
 46 compressed objects within 1 object stream
 0 named destinations out of 1000 (max. 500000)
 56 words of extra memory for PDF output out of 10000 (max. 10000000)

