This is pdfTeX, Version 3.14159265-2.6-1.40.19 (TeX Live 2018) (preloaded format=pdflatex 2018.5.11)  14 MAY 2018 22:01
entering extended mode
 restricted \write18 enabled.
 %&-line parsing enabled.
**Konsta_Kutvonen_report_1.tex
(./Konsta_Kutvonen_report_1.tex
LaTeX2e <2018-04-01> patch level 2
Babel <3.18> and hyphenation patterns for 84 language(s) loaded.
(/usr/local/texlive/2018/texmf-dist/tex/latex/base/article.cls
Document Class: article 2014/09/29 v1.4h Standard LaTeX document class
(/usr/local/texlive/2018/texmf-dist/tex/latex/base/size10.clo
File: size10.clo 2014/09/29 v1.4h Standard LaTeX file (size option)
)
\c@part=\count80
\c@section=\count81
\c@subsection=\count82
\c@subsubsection=\count83
\c@paragraph=\count84
\c@subparagraph=\count85
\c@figure=\count86
\c@table=\count87
\abovecaptionskip=\skip41
\belowcaptionskip=\skip42
\bibindent=\dimen102
)
(/usr/local/texlive/2018/texmf-dist/tex/latex/base/inputenc.sty
Package: inputenc 2018/04/06 v1.3b Input encoding file
\inpenc@prehook=\toks14
\inpenc@posthook=\toks15
)
(/usr/local/texlive/2018/texmf-dist/tex/latex/graphics/graphicx.sty
Package: graphicx 2017/06/01 v1.1a Enhanced LaTeX Graphics (DPC,SPQR)

(/usr/local/texlive/2018/texmf-dist/tex/latex/graphics/keyval.sty
Package: keyval 2014/10/28 v1.15 key=value parser (DPC)
\KV@toks@=\toks16
)
(/usr/local/texlive/2018/texmf-dist/tex/latex/graphics/graphics.sty
Package: graphics 2017/06/25 v1.2c Standard LaTeX Graphics (DPC,SPQR)

(/usr/local/texlive/2018/texmf-dist/tex/latex/graphics/trig.sty
Package: trig 2016/01/03 v1.10 sin cos tan (DPC)
)
(/usr/local/texlive/2018/texmf-dist/tex/latex/graphics-cfg/graphics.cfg
File: graphics.cfg 2016/06/04 v1.11 sample graphics configuration
)
Package graphics Info: Driver file: pdftex.def on input line 99.

(/usr/local/texlive/2018/texmf-dist/tex/latex/graphics-def/pdftex.def
File: pdftex.def 2018/01/08 v1.0l Graphics/color driver for pdftex
))
\Gin@req@height=\dimen103
\Gin@req@width=\dimen104
)
(./Konsta_Kutvonen_report_1.aux)
\openout1 = `Konsta_Kutvonen_report_1.aux'.

LaTeX Font Info:    Checking defaults for OML/cmm/m/it on input line 5.
LaTeX Font Info:    ... okay on input line 5.
LaTeX Font Info:    Checking defaults for T1/cmr/m/n on input line 5.
LaTeX Font Info:    ... okay on input line 5.
LaTeX Font Info:    Checking defaults for OT1/cmr/m/n on input line 5.
LaTeX Font Info:    ... okay on input line 5.
LaTeX Font Info:    Checking defaults for OMS/cmsy/m/n on input line 5.
LaTeX Font Info:    ... okay on input line 5.
LaTeX Font Info:    Checking defaults for OMX/cmex/m/n on input line 5.
LaTeX Font Info:    ... okay on input line 5.
LaTeX Font Info:    Checking defaults for U/cmr/m/n on input line 5.
LaTeX Font Info:    ... okay on input line 5.

(/usr/local/texlive/2018/texmf-dist/tex/context/base/mkii/supp-pdf.mkii
[Loading MPS to PDF converter (version 2006.09.02).]
\scratchcounter=\count88
\scratchdimen=\dimen105
\scratchbox=\box26
\nofMPsegments=\count89
\nofMParguments=\count90
\everyMPshowfont=\toks17
\MPscratchCnt=\count91
\MPscratchDim=\dimen106
\MPnumerator=\count92
\makeMPintoPDFobject=\count93
\everyMPtoPDFconversion=\toks18
) (/usr/local/texlive/2018/texmf-dist/tex/latex/oberdiek/epstopdf-base.sty
Package: epstopdf-base 2016/05/15 v2.6 Base part for package epstopdf

(/usr/local/texlive/2018/texmf-dist/tex/generic/oberdiek/infwarerr.sty
Package: infwarerr 2016/05/16 v1.4 Providing info/warning/error messages (HO)
)
(/usr/local/texlive/2018/texmf-dist/tex/latex/oberdiek/grfext.sty
Package: grfext 2016/05/16 v1.2 Manage graphics extensions (HO)

(/usr/local/texlive/2018/texmf-dist/tex/generic/oberdiek/kvdefinekeys.sty
Package: kvdefinekeys 2016/05/16 v1.4 Define keys (HO)

(/usr/local/texlive/2018/texmf-dist/tex/generic/oberdiek/ltxcmds.sty
Package: ltxcmds 2016/05/16 v1.23 LaTeX kernel commands for general use (HO)
)))
(/usr/local/texlive/2018/texmf-dist/tex/latex/oberdiek/kvoptions.sty
Package: kvoptions 2016/05/16 v3.12 Key value format for package options (HO)

(/usr/local/texlive/2018/texmf-dist/tex/generic/oberdiek/kvsetkeys.sty
Package: kvsetkeys 2016/05/16 v1.17 Key value parser (HO)

(/usr/local/texlive/2018/texmf-dist/tex/generic/oberdiek/etexcmds.sty
Package: etexcmds 2016/05/16 v1.6 Avoid name clashes with e-TeX commands (HO)

(/usr/local/texlive/2018/texmf-dist/tex/generic/oberdiek/ifluatex.sty
Package: ifluatex 2016/05/16 v1.4 Provides the ifluatex switch (HO)
Package ifluatex Info: LuaTeX not detected.
)
Package etexcmds Info: Could not find \expanded.
(etexcmds)             That can mean that you are not using pdfTeX 1.50 or
(etexcmds)             that some package has redefined \expanded.
(etexcmds)             In the latter case, load this package earlier.
)))
(/usr/local/texlive/2018/texmf-dist/tex/generic/oberdiek/pdftexcmds.sty
Package: pdftexcmds 2018/01/30 v0.27 Utility functions of pdfTeX for LuaTeX (HO
)

(/usr/local/texlive/2018/texmf-dist/tex/generic/oberdiek/ifpdf.sty
Package: ifpdf 2017/03/15 v3.2 Provides the ifpdf switch
)
Package pdftexcmds Info: LuaTeX not detected.
Package pdftexcmds Info: \pdf@primitive is available.
Package pdftexcmds Info: \pdf@ifprimitive is available.
Package pdftexcmds Info: \pdfdraftmode found.
)
Package epstopdf-base Info: Redefining graphics rule for `.eps' on input line 4
38.
Package grfext Info: Graphics extension search list:
(grfext)             [.pdf,.png,.jpg,.mps,.jpeg,.jbig2,.jb2,.PDF,.PNG,.JPG,.JPE
G,.JBIG2,.JB2,.eps]
(grfext)             \AppendGraphicsExtensions on input line 456.

(/usr/local/texlive/2018/texmf-dist/tex/latex/latexconfig/epstopdf-sys.cfg
File: epstopdf-sys.cfg 2010/07/13 v1.3 Configuration of (r)epstopdf for TeX Liv
e
))
LaTeX Font Info:    External font `cmex10' loaded for size
(Font)              <12> on input line 10.
LaTeX Font Info:    External font `cmex10' loaded for size
(Font)              <8> on input line 10.
LaTeX Font Info:    External font `cmex10' loaded for size
(Font)              <6> on input line 10.

[1

{/usr/local/texlive/2018/texmf-var/fonts/map/pdftex/updmap/pdftex.map}]
<p.jpg, id=10, 722.7pt x 722.7pt>
File: p.jpg Graphic file (type jpg)
<use p.jpg>
Package pdftex.def Info: p.jpg  used on input line 31.
(pdftex.def)             Requested size: 85.35284pt x 85.35826pt.
<pl3.jpg, id=11, 722.7pt x 722.7pt>
File: pl3.jpg Graphic file (type jpg)
<use pl3.jpg>
Package pdftex.def Info: pl3.jpg  used on input line 32.
(pdftex.def)             Requested size: 85.35284pt x 85.35826pt.
<pl5.jpg, id=12, 722.7pt x 722.7pt>
File: pl5.jpg Graphic file (type jpg)
<use pl5.jpg>
Package pdftex.def Info: pl5.jpg  used on input line 33.
(pdftex.def)             Requested size: 85.35284pt x 85.35826pt.
<pg05.jpg, id=13, 722.7pt x 722.7pt>
File: pg05.jpg Graphic file (type jpg)
<use pg05.jpg>
Package pdftex.def Info: pg05.jpg  used on input line 35.
(pdftex.def)             Requested size: 85.35284pt x 85.35826pt.
<pl3g05.jpg, id=14, 722.7pt x 722.7pt>
File: pl3g05.jpg Graphic file (type jpg)
<use pl3g05.jpg>
Package pdftex.def Info: pl3g05.jpg  used on input line 36.
(pdftex.def)             Requested size: 85.35284pt x 85.35826pt.
<pl5g05.jpg, id=15, 722.7pt x 722.7pt>
File: pl5g05.jpg Graphic file (type jpg)
<use pl5g05.jpg>
Package pdftex.def Info: pl5g05.jpg  used on input line 37.
(pdftex.def)             Requested size: 85.35284pt x 85.35826pt.
<pg15.jpg, id=16, 722.7pt x 722.7pt>
File: pg15.jpg Graphic file (type jpg)
<use pg15.jpg>
Package pdftex.def Info: pg15.jpg  used on input line 40.
(pdftex.def)             Requested size: 85.35284pt x 85.35826pt.
<pl3g15.jpg, id=17, 722.7pt x 722.7pt>
File: pl3g15.jpg Graphic file (type jpg)
<use pl3g15.jpg>
Package pdftex.def Info: pl3g15.jpg  used on input line 41.
(pdftex.def)             Requested size: 85.35284pt x 85.35826pt.
<pl5g15.jpg, id=18, 722.7pt x 722.7pt>
File: pl5g15.jpg Graphic file (type jpg)
<use pl5g15.jpg>
Package pdftex.def Info: pl5g15.jpg  used on input line 42.
(pdftex.def)             Requested size: 85.35284pt x 85.35826pt.
<psp1.jpg, id=19, 722.7pt x 722.7pt>
File: psp1.jpg Graphic file (type jpg)
<use psp1.jpg>
Package pdftex.def Info: psp1.jpg  used on input line 45.
(pdftex.def)             Requested size: 85.35284pt x 85.35826pt.
<pl3sp1.jpg, id=20, 722.7pt x 722.7pt>
File: pl3sp1.jpg Graphic file (type jpg)
<use pl3sp1.jpg>
Package pdftex.def Info: pl3sp1.jpg  used on input line 46.
(pdftex.def)             Requested size: 85.35284pt x 85.35826pt.
<pl5sp1.jpg, id=21, 722.7pt x 722.7pt>
File: pl5sp1.jpg Graphic file (type jpg)
<use pl5sp1.jpg>
Package pdftex.def Info: pl5sp1.jpg  used on input line 47.
(pdftex.def)             Requested size: 85.35284pt x 85.35826pt.
<psp5.jpg, id=22, 722.7pt x 722.7pt>
File: psp5.jpg Graphic file (type jpg)
<use psp5.jpg>
Package pdftex.def Info: psp5.jpg  used on input line 50.
(pdftex.def)             Requested size: 85.35284pt x 85.35826pt.
<pl3sp5.jpg, id=23, 722.7pt x 722.7pt>
File: pl3sp5.jpg Graphic file (type jpg)
<use pl3sp5.jpg>
Package pdftex.def Info: pl3sp5.jpg  used on input line 51.
(pdftex.def)             Requested size: 85.35284pt x 85.35826pt.
<pl5sp5.jpg, id=24, 722.7pt x 722.7pt>
File: pl5sp5.jpg Graphic file (type jpg)
<use pl5sp5.jpg>
Package pdftex.def Info: pl5sp5.jpg  used on input line 52.
(pdftex.def)             Requested size: 85.35284pt x 85.35826pt.

[2 <./p.jpg> <./pl3.jpg> <./pl5.jpg> <./pg05.jpg> <./pl3g05.jpg> <./pl5g05.jpg>
 <./pg15.jpg> <./pl3g15.jpg> <./pl5g15.jpg> <./psp1.jpg> <./pl3sp1.jpg> <./pl5s
p1.jpg> <./psp5.jpg> <./pl3sp5.jpg> <./pl5sp5.jpg>]
<m.jpg, id=29, 550.055pt x 343.2825pt>
File: m.jpg Graphic file (type jpg)
<use m.jpg>
Package pdftex.def Info: m.jpg  used on input line 60.
(pdftex.def)             Requested size: 136.76642pt x 85.35826pt.
<ml3.jpg, id=30, 550.055pt x 343.2825pt>
File: ml3.jpg Graphic file (type jpg)
<use ml3.jpg>
Package pdftex.def Info: ml3.jpg  used on input line 61.
(pdftex.def)             Requested size: 136.76642pt x 85.35826pt.
<ml5.jpg, id=31, 550.055pt x 343.2825pt>
File: ml5.jpg Graphic file (type jpg)
<use ml5.jpg>
Package pdftex.def Info: ml5.jpg  used on input line 62.
(pdftex.def)             Requested size: 136.76642pt x 85.35826pt.

Overfull \hbox (87.14365pt too wide) in paragraph at lines 60--63
[][] [] [] 
 []

<mg05.jpg, id=32, 550.055pt x 343.2825pt>
File: mg05.jpg Graphic file (type jpg)
<use mg05.jpg>
Package pdftex.def Info: mg05.jpg  used on input line 64.
(pdftex.def)             Requested size: 136.76642pt x 85.35826pt.
<ml3g05.jpg, id=33, 550.055pt x 343.2825pt>
File: ml3g05.jpg Graphic file (type jpg)
<use ml3g05.jpg>
Package pdftex.def Info: ml3g05.jpg  used on input line 65.
(pdftex.def)             Requested size: 136.76642pt x 85.35826pt.
<ml5g05.jpg, id=34, 550.055pt x 343.2825pt>
File: ml5g05.jpg Graphic file (type jpg)
<use ml5g05.jpg>
Package pdftex.def Info: ml5g05.jpg  used on input line 66.
(pdftex.def)             Requested size: 136.76642pt x 85.35826pt.

Overfull \hbox (87.14365pt too wide) in paragraph at lines 64--67
[][] [] [] 
 []

<mg15.jpg, id=35, 550.055pt x 343.2825pt>
File: mg15.jpg Graphic file (type jpg)
<use mg15.jpg>
Package pdftex.def Info: mg15.jpg  used on input line 69.
(pdftex.def)             Requested size: 136.76642pt x 85.35826pt.
<ml3g15.jpg, id=36, 550.055pt x 343.2825pt>
File: ml3g15.jpg Graphic file (type jpg)
<use ml3g15.jpg>
Package pdftex.def Info: ml3g15.jpg  used on input line 70.
(pdftex.def)             Requested size: 136.76642pt x 85.35826pt.
<ml5g15.jpg, id=37, 550.055pt x 343.2825pt>
File: ml5g15.jpg Graphic file (type jpg)
<use ml5g15.jpg>
Package pdftex.def Info: ml5g15.jpg  used on input line 71.
(pdftex.def)             Requested size: 136.76642pt x 85.35826pt.

Overfull \hbox (87.14365pt too wide) in paragraph at lines 69--72
[][] [] [] 
 []

<msp1.jpg, id=38, 550.055pt x 343.2825pt>
File: msp1.jpg Graphic file (type jpg)
<use msp1.jpg>
Package pdftex.def Info: msp1.jpg  used on input line 74.
(pdftex.def)             Requested size: 136.76642pt x 85.35826pt.
<ml3sp1.jpg, id=39, 550.055pt x 343.2825pt>
File: ml3sp1.jpg Graphic file (type jpg)
<use ml3sp1.jpg>
Package pdftex.def Info: ml3sp1.jpg  used on input line 75.
(pdftex.def)             Requested size: 136.76642pt x 85.35826pt.
<ml5sp1.jpg, id=40, 550.055pt x 343.2825pt>
File: ml5sp1.jpg Graphic file (type jpg)
<use ml5sp1.jpg>
Package pdftex.def Info: ml5sp1.jpg  used on input line 76.
(pdftex.def)             Requested size: 136.76642pt x 85.35826pt.

Overfull \hbox (87.14365pt too wide) in paragraph at lines 74--77
[][] [] [] 
 []

<msp5.jpg, id=41, 550.055pt x 343.2825pt>
File: msp5.jpg Graphic file (type jpg)
<use msp5.jpg>
Package pdftex.def Info: msp5.jpg  used on input line 79.
(pdftex.def)             Requested size: 136.76642pt x 85.35826pt.
<ml3sp5.jpg, id=42, 550.055pt x 343.2825pt>
File: ml3sp5.jpg Graphic file (type jpg)
<use ml3sp5.jpg>
Package pdftex.def Info: ml3sp5.jpg  used on input line 80.
(pdftex.def)             Requested size: 136.76642pt x 85.35826pt.
<ml5sp5.jpg, id=43, 550.055pt x 343.2825pt>
File: ml5sp5.jpg Graphic file (type jpg)
<use ml5sp5.jpg>
Package pdftex.def Info: ml5sp5.jpg  used on input line 81.
(pdftex.def)             Requested size: 136.76642pt x 85.35826pt.

Overfull \hbox (87.14365pt too wide) in paragraph at lines 79--82
[][] [] [] 
 []

[3 <./m.jpg> <./ml3.jpg> <./ml5.jpg> <./mg05.jpg> <./ml3g05.jpg> <./ml5g05.jpg>
 <./mg15.jpg> <./ml3g15.jpg> <./ml5g15.jpg> <./msp1.jpg> <./ml3sp1.jpg> <./ml5s
p1.jpg> <./msp5.jpg> <./ml3sp5.jpg> <./ml5sp5.jpg>]
File: p.jpg Graphic file (type jpg)
<use p.jpg>
Package pdftex.def Info: p.jpg  used on input line 87.
(pdftex.def)             Requested size: 85.35284pt x 85.35826pt.
<pm3.jpg, id=47, 722.7pt x 722.7pt>
File: pm3.jpg Graphic file (type jpg)
<use pm3.jpg>
Package pdftex.def Info: pm3.jpg  used on input line 88.
(pdftex.def)             Requested size: 85.35284pt x 85.35826pt.
<pm5.jpg, id=48, 722.7pt x 722.7pt>
File: pm5.jpg Graphic file (type jpg)
<use pm5.jpg>
Package pdftex.def Info: pm5.jpg  used on input line 89.
(pdftex.def)             Requested size: 85.35284pt x 85.35826pt.
File: pg05.jpg Graphic file (type jpg)
<use pg05.jpg>
Package pdftex.def Info: pg05.jpg  used on input line 91.
(pdftex.def)             Requested size: 85.35284pt x 85.35826pt.
<pm3g05.jpg, id=49, 722.7pt x 722.7pt>
File: pm3g05.jpg Graphic file (type jpg)
<use pm3g05.jpg>
Package pdftex.def Info: pm3g05.jpg  used on input line 92.
(pdftex.def)             Requested size: 85.35284pt x 85.35826pt.
<pm5g05.jpg, id=50, 722.7pt x 722.7pt>
File: pm5g05.jpg Graphic file (type jpg)
<use pm5g05.jpg>
Package pdftex.def Info: pm5g05.jpg  used on input line 93.
(pdftex.def)             Requested size: 85.35284pt x 85.35826pt.
File: pg15.jpg Graphic file (type jpg)
<use pg15.jpg>
Package pdftex.def Info: pg15.jpg  used on input line 96.
(pdftex.def)             Requested size: 85.35284pt x 85.35826pt.
<pm3g15.jpg, id=51, 722.7pt x 722.7pt>
File: pm3g15.jpg Graphic file (type jpg)
<use pm3g15.jpg>
Package pdftex.def Info: pm3g15.jpg  used on input line 97.
(pdftex.def)             Requested size: 85.35284pt x 85.35826pt.
<pm5g15.jpg, id=52, 722.7pt x 722.7pt>
File: pm5g15.jpg Graphic file (type jpg)
<use pm5g15.jpg>
Package pdftex.def Info: pm5g15.jpg  used on input line 98.
(pdftex.def)             Requested size: 85.35284pt x 85.35826pt.
File: psp1.jpg Graphic file (type jpg)
<use psp1.jpg>
Package pdftex.def Info: psp1.jpg  used on input line 101.
(pdftex.def)             Requested size: 85.35284pt x 85.35826pt.
<pm3sp1.jpg, id=53, 722.7pt x 722.7pt>
File: pm3sp1.jpg Graphic file (type jpg)
<use pm3sp1.jpg>
Package pdftex.def Info: pm3sp1.jpg  used on input line 102.
(pdftex.def)             Requested size: 85.35284pt x 85.35826pt.
<pm5sp1.jpg, id=54, 722.7pt x 722.7pt>
File: pm5sp1.jpg Graphic file (type jpg)
<use pm5sp1.jpg>
Package pdftex.def Info: pm5sp1.jpg  used on input line 103.
(pdftex.def)             Requested size: 85.35284pt x 85.35826pt.
File: psp5.jpg Graphic file (type jpg)
<use psp5.jpg>
Package pdftex.def Info: psp5.jpg  used on input line 106.
(pdftex.def)             Requested size: 85.35284pt x 85.35826pt.
<pm3sp5.jpg, id=55, 722.7pt x 722.7pt>
File: pm3sp5.jpg Graphic file (type jpg)
<use pm3sp5.jpg>
Package pdftex.def Info: pm3sp5.jpg  used on input line 107.
(pdftex.def)             Requested size: 85.35284pt x 85.35826pt.
<pm5sp5.jpg, id=56, 722.7pt x 722.7pt>
File: pm5sp5.jpg Graphic file (type jpg)
<use pm5sp5.jpg>
Package pdftex.def Info: pm5sp5.jpg  used on input line 108.
(pdftex.def)             Requested size: 85.35284pt x 85.35826pt.
 [4 <./pm3.jpg> <./pm5.jpg> <./pm3g05.jpg> <./pm5g05.jpg> <./pm3g15.jpg> <./pm5
g15.jpg> <./pm3sp1.jpg> <./pm5sp1.jpg> <./pm3sp5.jpg> <./pm5sp5.jpg>]
File: m.jpg Graphic file (type jpg)
<use m.jpg>
Package pdftex.def Info: m.jpg  used on input line 114.
(pdftex.def)             Requested size: 136.76642pt x 85.35826pt.
<mm3.jpg, id=60, 550.055pt x 343.2825pt>
File: mm3.jpg Graphic file (type jpg)
<use mm3.jpg>
Package pdftex.def Info: mm3.jpg  used on input line 115.
(pdftex.def)             Requested size: 136.76642pt x 85.35826pt.
<mm5.jpg, id=61, 550.055pt x 343.2825pt>
File: mm5.jpg Graphic file (type jpg)
<use mm5.jpg>
Package pdftex.def Info: mm5.jpg  used on input line 116.
(pdftex.def)             Requested size: 136.76642pt x 85.35826pt.

Overfull \hbox (87.14365pt too wide) in paragraph at lines 114--117
[][] [] [] 
 []

File: mg05.jpg Graphic file (type jpg)
<use mg05.jpg>
Package pdftex.def Info: mg05.jpg  used on input line 118.
(pdftex.def)             Requested size: 136.76642pt x 85.35826pt.
<mm3g05.jpg, id=62, 550.055pt x 343.2825pt>
File: mm3g05.jpg Graphic file (type jpg)
<use mm3g05.jpg>
Package pdftex.def Info: mm3g05.jpg  used on input line 119.
(pdftex.def)             Requested size: 136.76642pt x 85.35826pt.
<mm5g05.jpg, id=63, 550.055pt x 343.2825pt>
File: mm5g05.jpg Graphic file (type jpg)
<use mm5g05.jpg>
Package pdftex.def Info: mm5g05.jpg  used on input line 120.
(pdftex.def)             Requested size: 136.76642pt x 85.35826pt.

Overfull \hbox (87.14365pt too wide) in paragraph at lines 118--121
[][] [] [] 
 []

File: mg15.jpg Graphic file (type jpg)
<use mg15.jpg>
Package pdftex.def Info: mg15.jpg  used on input line 123.
(pdftex.def)             Requested size: 136.76642pt x 85.35826pt.
<mm3g15.jpg, id=64, 550.055pt x 343.2825pt>
File: mm3g15.jpg Graphic file (type jpg)
<use mm3g15.jpg>
Package pdftex.def Info: mm3g15.jpg  used on input line 124.
(pdftex.def)             Requested size: 136.76642pt x 85.35826pt.
<mm5g15.jpg, id=65, 550.055pt x 343.2825pt>
File: mm5g15.jpg Graphic file (type jpg)
<use mm5g15.jpg>
Package pdftex.def Info: mm5g15.jpg  used on input line 125.
(pdftex.def)             Requested size: 136.76642pt x 85.35826pt.

Overfull \hbox (87.14365pt too wide) in paragraph at lines 123--126
[][] [] [] 
 []

File: msp1.jpg Graphic file (type jpg)
<use msp1.jpg>
Package pdftex.def Info: msp1.jpg  used on input line 128.
(pdftex.def)             Requested size: 136.76642pt x 85.35826pt.
<mm3sp1.jpg, id=66, 550.055pt x 343.2825pt>
File: mm3sp1.jpg Graphic file (type jpg)
<use mm3sp1.jpg>
Package pdftex.def Info: mm3sp1.jpg  used on input line 129.
(pdftex.def)             Requested size: 136.76642pt x 85.35826pt.
<mm5sp1.jpg, id=67, 550.055pt x 343.2825pt>
File: mm5sp1.jpg Graphic file (type jpg)
<use mm5sp1.jpg>
Package pdftex.def Info: mm5sp1.jpg  used on input line 130.
(pdftex.def)             Requested size: 136.76642pt x 85.35826pt.

Overfull \hbox (87.14365pt too wide) in paragraph at lines 128--131
[][] [] [] 
 []

File: msp5.jpg Graphic file (type jpg)
<use msp5.jpg>
Package pdftex.def Info: msp5.jpg  used on input line 133.
(pdftex.def)             Requested size: 136.76642pt x 85.35826pt.
<mm3sp5.jpg, id=68, 550.055pt x 343.2825pt>
File: mm3sp5.jpg Graphic file (type jpg)
<use mm3sp5.jpg>
Package pdftex.def Info: mm3sp5.jpg  used on input line 134.
(pdftex.def)             Requested size: 136.76642pt x 85.35826pt.
<mm5sp5.jpg, id=69, 550.055pt x 343.2825pt>
File: mm5sp5.jpg Graphic file (type jpg)
<use mm5sp5.jpg>
Package pdftex.def Info: mm5sp5.jpg  used on input line 135.
(pdftex.def)             Requested size: 136.76642pt x 85.35826pt.

Overfull \hbox (87.14365pt too wide) in paragraph at lines 133--136
[][] [] [] 
 []

[5 <./mm3.jpg> <./mm5.jpg> <./mm3g05.jpg> <./mm5g05.jpg> <./mm3g15.jpg> <./mm5g
15.jpg> <./mm3sp1.jpg> <./mm5sp1.jpg> <./mm3sp5.jpg> <./mm5sp5.jpg>]
File: p.jpg Graphic file (type jpg)
<use p.jpg>
Package pdftex.def Info: p.jpg  used on input line 141.
(pdftex.def)             Requested size: 85.35284pt x 85.35826pt.
<ph3.jpg, id=73, 722.7pt x 722.7pt>
File: ph3.jpg Graphic file (type jpg)
<use ph3.jpg>
Package pdftex.def Info: ph3.jpg  used on input line 142.
(pdftex.def)             Requested size: 85.35284pt x 85.35826pt.
<ph5.jpg, id=74, 722.7pt x 722.7pt>
File: ph5.jpg Graphic file (type jpg)
<use ph5.jpg>
Package pdftex.def Info: ph5.jpg  used on input line 143.
(pdftex.def)             Requested size: 85.35284pt x 85.35826pt.
File: pg05.jpg Graphic file (type jpg)
<use pg05.jpg>
Package pdftex.def Info: pg05.jpg  used on input line 145.
(pdftex.def)             Requested size: 85.35284pt x 85.35826pt.
<ph3g05.jpg, id=75, 722.7pt x 722.7pt>
File: ph3g05.jpg Graphic file (type jpg)
<use ph3g05.jpg>
Package pdftex.def Info: ph3g05.jpg  used on input line 146.
(pdftex.def)             Requested size: 85.35284pt x 85.35826pt.
<ph5g05.jpg, id=76, 722.7pt x 722.7pt>
File: ph5g05.jpg Graphic file (type jpg)
<use ph5g05.jpg>
Package pdftex.def Info: ph5g05.jpg  used on input line 147.
(pdftex.def)             Requested size: 85.35284pt x 85.35826pt.
File: pg15.jpg Graphic file (type jpg)
<use pg15.jpg>
Package pdftex.def Info: pg15.jpg  used on input line 150.
(pdftex.def)             Requested size: 85.35284pt x 85.35826pt.
<ph3g15.jpg, id=77, 722.7pt x 722.7pt>
File: ph3g15.jpg Graphic file (type jpg)
<use ph3g15.jpg>
Package pdftex.def Info: ph3g15.jpg  used on input line 151.
(pdftex.def)             Requested size: 85.35284pt x 85.35826pt.
<ph5g15.jpg, id=78, 722.7pt x 722.7pt>
File: ph5g15.jpg Graphic file (type jpg)
<use ph5g15.jpg>
Package pdftex.def Info: ph5g15.jpg  used on input line 152.
(pdftex.def)             Requested size: 85.35284pt x 85.35826pt.
File: psp1.jpg Graphic file (type jpg)
<use psp1.jpg>
Package pdftex.def Info: psp1.jpg  used on input line 155.
(pdftex.def)             Requested size: 85.35284pt x 85.35826pt.
<ph3sp1.jpg, id=79, 722.7pt x 722.7pt>
File: ph3sp1.jpg Graphic file (type jpg)
<use ph3sp1.jpg>
Package pdftex.def Info: ph3sp1.jpg  used on input line 156.
(pdftex.def)             Requested size: 85.35284pt x 85.35826pt.
<ph5sp1.jpg, id=80, 722.7pt x 722.7pt>
File: ph5sp1.jpg Graphic file (type jpg)
<use ph5sp1.jpg>
Package pdftex.def Info: ph5sp1.jpg  used on input line 157.
(pdftex.def)             Requested size: 85.35284pt x 85.35826pt.
File: psp5.jpg Graphic file (type jpg)
<use psp5.jpg>
Package pdftex.def Info: psp5.jpg  used on input line 160.
(pdftex.def)             Requested size: 85.35284pt x 85.35826pt.
<ph3sp5.jpg, id=81, 722.7pt x 722.7pt>
File: ph3sp5.jpg Graphic file (type jpg)
<use ph3sp5.jpg>
Package pdftex.def Info: ph3sp5.jpg  used on input line 161.
(pdftex.def)             Requested size: 85.35284pt x 85.35826pt.
<ph5sp5.jpg, id=82, 722.7pt x 722.7pt>
File: ph5sp5.jpg Graphic file (type jpg)
<use ph5sp5.jpg>
Package pdftex.def Info: ph5sp5.jpg  used on input line 162.
(pdftex.def)             Requested size: 85.35284pt x 85.35826pt.
 [6 <./ph3.jpg> <./ph5.jpg> <./ph3g05.jpg> <./ph5g05.jpg> <./ph3g15.jpg> <./ph5
g15.jpg> <./ph3sp1.jpg> <./ph5sp1.jpg> <./ph3sp5.jpg> <./ph5sp5.jpg>]
File: m.jpg Graphic file (type jpg)
<use m.jpg>
Package pdftex.def Info: m.jpg  used on input line 168.
(pdftex.def)             Requested size: 136.76642pt x 85.35826pt.
<mh3.jpg, id=86, 550.055pt x 343.2825pt>
File: mh3.jpg Graphic file (type jpg)
<use mh3.jpg>
Package pdftex.def Info: mh3.jpg  used on input line 169.
(pdftex.def)             Requested size: 136.76642pt x 85.35826pt.
<mh5.jpg, id=87, 550.055pt x 343.2825pt>
File: mh5.jpg Graphic file (type jpg)
<use mh5.jpg>
Package pdftex.def Info: mh5.jpg  used on input line 170.
(pdftex.def)             Requested size: 136.76642pt x 85.35826pt.

Overfull \hbox (87.14365pt too wide) in paragraph at lines 168--171
[][] [] [] 
 []

File: mg05.jpg Graphic file (type jpg)
<use mg05.jpg>
Package pdftex.def Info: mg05.jpg  used on input line 172.
(pdftex.def)             Requested size: 136.76642pt x 85.35826pt.
<mh3g05.jpg, id=88, 550.055pt x 343.2825pt>
File: mh3g05.jpg Graphic file (type jpg)
<use mh3g05.jpg>
Package pdftex.def Info: mh3g05.jpg  used on input line 173.
(pdftex.def)             Requested size: 136.76642pt x 85.35826pt.
<mh5g05.jpg, id=89, 550.055pt x 343.2825pt>
File: mh5g05.jpg Graphic file (type jpg)
<use mh5g05.jpg>
Package pdftex.def Info: mh5g05.jpg  used on input line 174.
(pdftex.def)             Requested size: 136.76642pt x 85.35826pt.

Overfull \hbox (87.14365pt too wide) in paragraph at lines 172--175
[][] [] [] 
 []

File: mg15.jpg Graphic file (type jpg)
<use mg15.jpg>
Package pdftex.def Info: mg15.jpg  used on input line 177.
(pdftex.def)             Requested size: 136.76642pt x 85.35826pt.
<mh3g15.jpg, id=90, 550.055pt x 343.2825pt>
File: mh3g15.jpg Graphic file (type jpg)
<use mh3g15.jpg>
Package pdftex.def Info: mh3g15.jpg  used on input line 178.
(pdftex.def)             Requested size: 136.76642pt x 85.35826pt.
<mh5g15.jpg, id=91, 550.055pt x 343.2825pt>
File: mh5g15.jpg Graphic file (type jpg)
<use mh5g15.jpg>
Package pdftex.def Info: mh5g15.jpg  used on input line 179.
(pdftex.def)             Requested size: 136.76642pt x 85.35826pt.

Overfull \hbox (87.14365pt too wide) in paragraph at lines 177--180
[][] [] [] 
 []

File: msp1.jpg Graphic file (type jpg)
<use msp1.jpg>
Package pdftex.def Info: msp1.jpg  used on input line 182.
(pdftex.def)             Requested size: 136.76642pt x 85.35826pt.
<mh3sp1.jpg, id=92, 550.055pt x 343.2825pt>
File: mh3sp1.jpg Graphic file (type jpg)
<use mh3sp1.jpg>
Package pdftex.def Info: mh3sp1.jpg  used on input line 183.
(pdftex.def)             Requested size: 136.76642pt x 85.35826pt.
<mh5sp1.jpg, id=93, 550.055pt x 343.2825pt>
File: mh5sp1.jpg Graphic file (type jpg)
<use mh5sp1.jpg>
Package pdftex.def Info: mh5sp1.jpg  used on input line 184.
(pdftex.def)             Requested size: 136.76642pt x 85.35826pt.

Overfull \hbox (87.14365pt too wide) in paragraph at lines 182--185
[][] [] [] 
 []

File: msp5.jpg Graphic file (type jpg)
<use msp5.jpg>
Package pdftex.def Info: msp5.jpg  used on input line 187.
(pdftex.def)             Requested size: 136.76642pt x 85.35826pt.
<mh3sp5.jpg, id=94, 550.055pt x 343.2825pt>
File: mh3sp5.jpg Graphic file (type jpg)
<use mh3sp5.jpg>
Package pdftex.def Info: mh3sp5.jpg  used on input line 188.
(pdftex.def)             Requested size: 136.76642pt x 85.35826pt.
<mh5sp5.jpg, id=95, 550.055pt x 343.2825pt>
File: mh5sp5.jpg Graphic file (type jpg)
<use mh5sp5.jpg>
Package pdftex.def Info: mh5sp5.jpg  used on input line 189.
(pdftex.def)             Requested size: 136.76642pt x 85.35826pt.

Overfull \hbox (87.14365pt too wide) in paragraph at lines 187--190
[][] [] [] 
 []

[7 <./mh3.jpg> <./mh5.jpg> <./mh3g05.jpg> <./mh5g05.jpg> <./mh3g15.jpg> <./mh5g
15.jpg> <./mh3sp1.jpg> <./mh5sp1.jpg> <./mh3sp5.jpg> <./mh5sp5.jpg>] [8]
<prenormal.png, id=103, 433.62pt x 289.08pt>
File: prenormal.png Graphic file (type png)
<use prenormal.png>
Package pdftex.def Info: prenormal.png  used on input line 200.
(pdftex.def)             Requested size: 192.05052pt x 128.0374pt.
<postnormal.png, id=105, 433.62pt x 289.08pt>
File: postnormal.png Graphic file (type png)
<use postnormal.png>
Package pdftex.def Info: postnormal.png  used on input line 201.
(pdftex.def)             Requested size: 192.05052pt x 128.0374pt.

Overfull \hbox (42.92323pt too wide) in paragraph at lines 200--202
[] [] 
 []

[9 <./prenormal.png> <./postnormal.png>]
Overfull \hbox (90.7462pt too wide) in paragraph at lines 305--305
[]                \OT1/cmtt/m/n/10 newA[(a, b)] = np.sum(np.multiply(filter, (s
ubmatrix(A, a, b, n))))[] 
 []

[10] [11]
<redgreen.png, id=118, 433.62pt x 289.08pt>
File: redgreen.png Graphic file (type png)
<use redgreen.png>
Package pdftex.def Info: redgreen.png  used on input line 317.
(pdftex.def)             Requested size: 362.76945pt x 241.84842pt.

Overfull \hbox (18.56944pt too wide) in paragraph at lines 317--318
[] 
 []

[12 <./redgreen.png>]
<red-40.jpg, id=123, 668.4975pt x 668.4975pt>
File: red-40.jpg Graphic file (type jpg)
<use red-40.jpg>
Package pdftex.def Info: red-40.jpg  used on input line 327.
(pdftex.def)             Requested size: 199.16353pt x 199.16928pt.
<red-50.jpg, id=124, 668.4975pt x 668.4975pt>
File: red-50.jpg Graphic file (type jpg)
<use red-50.jpg>
Package pdftex.def Info: red-50.jpg  used on input line 328.
(pdftex.def)             Requested size: 199.16353pt x 199.16928pt.
<red-60.jpg, id=125, 668.4975pt x 668.4975pt>
File: red-60.jpg Graphic file (type jpg)
<use red-60.jpg>
Package pdftex.def Info: red-60.jpg  used on input line 329.
(pdftex.def)             Requested size: 199.16353pt x 199.16928pt.
<red-70.jpg, id=126, 668.4975pt x 668.4975pt>
File: red-70.jpg Graphic file (type jpg)
<use red-70.jpg>
Package pdftex.def Info: red-70.jpg  used on input line 330.
(pdftex.def)             Requested size: 199.16353pt x 199.16928pt.

Overfull \hbox (57.14925pt too wide) in paragraph at lines 327--331
[] []
 []


Overfull \hbox (57.14925pt too wide) in paragraph at lines 327--331
[] [] 
 []

[13 <./red-40.jpg> <./red-50.jpg> <./red-60.jpg> <./red-70.jpg>]
<green1-40.jpg, id=131, 668.4975pt x 668.4975pt>
File: green1-40.jpg Graphic file (type jpg)
<use green1-40.jpg>
Package pdftex.def Info: green1-40.jpg  used on input line 333.
(pdftex.def)             Requested size: 199.16353pt x 199.16928pt.
<green1-50.jpg, id=132, 668.4975pt x 668.4975pt>
File: green1-50.jpg Graphic file (type jpg)
<use green1-50.jpg>
Package pdftex.def Info: green1-50.jpg  used on input line 334.
(pdftex.def)             Requested size: 199.16353pt x 199.16928pt.
<green1-60.jpg, id=133, 668.4975pt x 668.4975pt>
File: green1-60.jpg Graphic file (type jpg)
<use green1-60.jpg>
Package pdftex.def Info: green1-60.jpg  used on input line 335.
(pdftex.def)             Requested size: 199.16353pt x 199.16928pt.
<green1-70.jpg, id=134, 668.4975pt x 668.4975pt>
File: green1-70.jpg Graphic file (type jpg)
<use green1-70.jpg>
Package pdftex.def Info: green1-70.jpg  used on input line 336.
(pdftex.def)             Requested size: 199.16353pt x 199.16928pt.

Overfull \hbox (57.14925pt too wide) in paragraph at lines 333--337
[] []
 []


Overfull \hbox (57.14925pt too wide) in paragraph at lines 333--337
[] [] 
 []

<combine.jpg, id=135, 668.4975pt x 668.4975pt>
File: combine.jpg Graphic file (type jpg)
<use combine.jpg>
Package pdftex.def Info: combine.jpg  used on input line 338.
(pdftex.def)             Requested size: 341.43924pt x 341.43306pt.
[14 <./green1-40.jpg> <./green1-50.jpg> <./green1-60.jpg> <./green1-70.jpg>]
[15 <./combine.jpg>] [16] [17] [18]
Overfull \hbox (6.74693pt too wide) in paragraph at lines 596--596
[]                                     \OT1/cmtt/m/n/10 interpolation=cv2.INTER
_AREA))[] 
 []


Overfull \hbox (6.74693pt too wide) in paragraph at lines 596--596
[]                                     \OT1/cmtt/m/n/10 interpolation=cv2.INTER
_AREA))[] 
 []


Overfull \hbox (6.74693pt too wide) in paragraph at lines 596--596
[]                                     \OT1/cmtt/m/n/10 interpolation=cv2.INTER
_AREA))[] 
 []


Overfull \hbox (6.74693pt too wide) in paragraph at lines 596--596
[]                                     \OT1/cmtt/m/n/10 interpolation=cv2.INTER
_AREA))[] 
 []


Overfull \hbox (6.74693pt too wide) in paragraph at lines 596--596
[]                                     \OT1/cmtt/m/n/10 interpolation=cv2.INTER
_AREA))[] 
 []


Overfull \hbox (6.74693pt too wide) in paragraph at lines 596--596
[]                                     \OT1/cmtt/m/n/10 interpolation=cv2.INTER
_AREA))[] 
 []


Overfull \hbox (17.24684pt too wide) in paragraph at lines 596--596
[]\OT1/cmtt/m/n/10 cv2.imwrite('pl3g05.jpg',  255*cv2.resize(pl3g05, None, fx=2
0, fy=20,[] 
 []

[19]
Overfull \hbox (6.74693pt too wide) in paragraph at lines 596--596
[]                                     \OT1/cmtt/m/n/10 interpolation=cv2.INTER
_AREA))[] 
 []


Overfull \hbox (17.24684pt too wide) in paragraph at lines 596--596
[]\OT1/cmtt/m/n/10 cv2.imwrite('pl3g15.jpg',  255*cv2.resize(pl3g15, None, fx=2
0, fy=20,[] 
 []


Overfull \hbox (6.74693pt too wide) in paragraph at lines 596--596
[]                                     \OT1/cmtt/m/n/10 interpolation=cv2.INTER
_AREA))[] 
 []


Overfull \hbox (17.24684pt too wide) in paragraph at lines 596--596
[]\OT1/cmtt/m/n/10 cv2.imwrite('pl3sp1.jpg',  255*cv2.resize(pl3sp1, None, fx=2
0, fy=20,[] 
 []


Overfull \hbox (6.74693pt too wide) in paragraph at lines 596--596
[]                                     \OT1/cmtt/m/n/10 interpolation=cv2.INTER
_AREA))[] 
 []


Overfull \hbox (17.24684pt too wide) in paragraph at lines 596--596
[]\OT1/cmtt/m/n/10 cv2.imwrite('pl3sp5.jpg',  255*cv2.resize(pl3sp5, None, fx=2
0, fy=20,[] 
 []


Overfull \hbox (6.74693pt too wide) in paragraph at lines 596--596
[]                                     \OT1/cmtt/m/n/10 interpolation=cv2.INTER
_AREA))[] 
 []


Overfull \hbox (6.74693pt too wide) in paragraph at lines 596--596
[]                                     \OT1/cmtt/m/n/10 interpolation=cv2.INTER
_AREA))[] 
 []


Overfull \hbox (17.24684pt too wide) in paragraph at lines 596--596
[]\OT1/cmtt/m/n/10 cv2.imwrite('pl5g05.jpg',  255*cv2.resize(pl5g05, None, fx=2
0, fy=20,[] 
 []


Overfull \hbox (6.74693pt too wide) in paragraph at lines 596--596
[]                                     \OT1/cmtt/m/n/10 interpolation=cv2.INTER
_AREA))[] 
 []


Overfull \hbox (17.24684pt too wide) in paragraph at lines 596--596
[]\OT1/cmtt/m/n/10 cv2.imwrite('pl5g15.jpg',  255*cv2.resize(pl5g15, None, fx=2
0, fy=20,[] 
 []


Overfull \hbox (6.74693pt too wide) in paragraph at lines 596--596
[]                                     \OT1/cmtt/m/n/10 interpolation=cv2.INTER
_AREA))[] 
 []


Overfull \hbox (17.24684pt too wide) in paragraph at lines 596--596
[]\OT1/cmtt/m/n/10 cv2.imwrite('pl5sp1.jpg',  255*cv2.resize(pl5sp1, None, fx=2
0, fy=20,[] 
 []


Overfull \hbox (6.74693pt too wide) in paragraph at lines 596--596
[]                                     \OT1/cmtt/m/n/10 interpolation=cv2.INTER
_AREA))[] 
 []


Overfull \hbox (17.24684pt too wide) in paragraph at lines 596--596
[]\OT1/cmtt/m/n/10 cv2.imwrite('pl5sp5.jpg',  255*cv2.resize(pl5sp5, None, fx=2
0, fy=20,[] 
 []


Overfull \hbox (6.74693pt too wide) in paragraph at lines 596--596
[]                                     \OT1/cmtt/m/n/10 interpolation=cv2.INTER
_AREA))[] 
 []


Overfull \hbox (6.74693pt too wide) in paragraph at lines 596--596
[]                                     \OT1/cmtt/m/n/10 interpolation=cv2.INTER
_AREA))[] 
 []


Overfull \hbox (17.24684pt too wide) in paragraph at lines 596--596
[]\OT1/cmtt/m/n/10 cv2.imwrite('ph3g05.jpg',  255*cv2.resize(ph3g05, None, fx=2
0, fy=20,[] 
 []


Overfull \hbox (6.74693pt too wide) in paragraph at lines 596--596
[]                                     \OT1/cmtt/m/n/10 interpolation=cv2.INTER
_AREA))[] 
 []


Overfull \hbox (17.24684pt too wide) in paragraph at lines 596--596
[]\OT1/cmtt/m/n/10 cv2.imwrite('ph3g15.jpg',  255*cv2.resize(ph3g15, None, fx=2
0, fy=20,[] 
 []


Overfull \hbox (6.74693pt too wide) in paragraph at lines 596--596
[]                                     \OT1/cmtt/m/n/10 interpolation=cv2.INTER
_AREA))[] 
 []


Overfull \hbox (17.24684pt too wide) in paragraph at lines 596--596
[]\OT1/cmtt/m/n/10 cv2.imwrite('ph3sp1.jpg',  255*cv2.resize(ph3sp1, None, fx=2
0, fy=20,[] 
 []


Overfull \hbox (6.74693pt too wide) in paragraph at lines 596--596
[]                                     \OT1/cmtt/m/n/10 interpolation=cv2.INTER
_AREA))[] 
 []


Overfull \hbox (17.24684pt too wide) in paragraph at lines 596--596
[]\OT1/cmtt/m/n/10 cv2.imwrite('ph3sp5.jpg',  255*cv2.resize(ph3sp5, None, fx=2
0, fy=20,[] 
 []


Overfull \hbox (6.74693pt too wide) in paragraph at lines 596--596
[]                                     \OT1/cmtt/m/n/10 interpolation=cv2.INTER
_AREA))[] 
 []


Overfull \hbox (6.74693pt too wide) in paragraph at lines 596--596
[]                                     \OT1/cmtt/m/n/10 interpolation=cv2.INTER
_AREA))[] 
 []


Overfull \hbox (17.24684pt too wide) in paragraph at lines 596--596
[]\OT1/cmtt/m/n/10 cv2.imwrite('ph5g05.jpg',  255*cv2.resize(ph5g05, None, fx=2
0, fy=20,[] 
 []


Overfull \hbox (6.74693pt too wide) in paragraph at lines 596--596
[]                                     \OT1/cmtt/m/n/10 interpolation=cv2.INTER
_AREA))[] 
 []


Overfull \hbox (17.24684pt too wide) in paragraph at lines 596--596
[]\OT1/cmtt/m/n/10 cv2.imwrite('ph5g15.jpg',  255*cv2.resize(ph5g15, None, fx=2
0, fy=20,[] 
 []


Overfull \hbox (6.74693pt too wide) in paragraph at lines 596--596
[]                                     \OT1/cmtt/m/n/10 interpolation=cv2.INTER
_AREA))[] 
 []


Overfull \hbox (17.24684pt too wide) in paragraph at lines 596--596
[]\OT1/cmtt/m/n/10 cv2.imwrite('ph5sp1.jpg',  255*cv2.resize(ph5sp1, None, fx=2
0, fy=20,[] 
 []


Overfull \hbox (6.74693pt too wide) in paragraph at lines 596--596
[]                                     \OT1/cmtt/m/n/10 interpolation=cv2.INTER
_AREA))[] 
 []


Overfull \hbox (17.24684pt too wide) in paragraph at lines 596--596
[]\OT1/cmtt/m/n/10 cv2.imwrite('ph5sp5.jpg',  255*cv2.resize(ph5sp5, None, fx=2
0, fy=20,[] 
 []


Overfull \hbox (6.74693pt too wide) in paragraph at lines 596--596
[]                                     \OT1/cmtt/m/n/10 interpolation=cv2.INTER
_AREA))[] 
 []

[20]
Overfull \hbox (6.74693pt too wide) in paragraph at lines 596--596
[]                                     \OT1/cmtt/m/n/10 interpolation=cv2.INTER
_AREA))[] 
 []


Overfull \hbox (17.24684pt too wide) in paragraph at lines 596--596
[]\OT1/cmtt/m/n/10 cv2.imwrite('pm3g05.jpg',  255*cv2.resize(pm3g05, None, fx=2
0, fy=20,[] 
 []


Overfull \hbox (6.74693pt too wide) in paragraph at lines 596--596
[]                                     \OT1/cmtt/m/n/10 interpolation=cv2.INTER
_AREA))[] 
 []


Overfull \hbox (17.24684pt too wide) in paragraph at lines 596--596
[]\OT1/cmtt/m/n/10 cv2.imwrite('pm3g15.jpg',  255*cv2.resize(pm3g15, None, fx=2
0, fy=20,[] 
 []


Overfull \hbox (6.74693pt too wide) in paragraph at lines 596--596
[]                                     \OT1/cmtt/m/n/10 interpolation=cv2.INTER
_AREA))[] 
 []


Overfull \hbox (17.24684pt too wide) in paragraph at lines 596--596
[]\OT1/cmtt/m/n/10 cv2.imwrite('pm3sp1.jpg',  255*cv2.resize(pm3sp1, None, fx=2
0, fy=20,[] 
 []


Overfull \hbox (6.74693pt too wide) in paragraph at lines 596--596
[]                                     \OT1/cmtt/m/n/10 interpolation=cv2.INTER
_AREA))[] 
 []


Overfull \hbox (17.24684pt too wide) in paragraph at lines 596--596
[]\OT1/cmtt/m/n/10 cv2.imwrite('pm3sp5.jpg',  255*cv2.resize(pm3sp5, None, fx=2
0, fy=20,[] 
 []


Overfull \hbox (6.74693pt too wide) in paragraph at lines 596--596
[]                                     \OT1/cmtt/m/n/10 interpolation=cv2.INTER
_AREA))[] 
 []


Overfull \hbox (6.74693pt too wide) in paragraph at lines 596--596
[]                                     \OT1/cmtt/m/n/10 interpolation=cv2.INTER
_AREA))[] 
 []


Overfull \hbox (17.24684pt too wide) in paragraph at lines 596--596
[]\OT1/cmtt/m/n/10 cv2.imwrite('pm5g05.jpg',  255*cv2.resize(pm5g05, None, fx=2
0, fy=20,[] 
 []


Overfull \hbox (6.74693pt too wide) in paragraph at lines 596--596
[]                                     \OT1/cmtt/m/n/10 interpolation=cv2.INTER
_AREA))[] 
 []


Overfull \hbox (17.24684pt too wide) in paragraph at lines 596--596
[]\OT1/cmtt/m/n/10 cv2.imwrite('pm5g15.jpg',  255*cv2.resize(pm5g15, None, fx=2
0, fy=20,[] 
 []


Overfull \hbox (6.74693pt too wide) in paragraph at lines 596--596
[]                                     \OT1/cmtt/m/n/10 interpolation=cv2.INTER
_AREA))[] 
 []


Overfull \hbox (17.24684pt too wide) in paragraph at lines 596--596
[]\OT1/cmtt/m/n/10 cv2.imwrite('pm5sp1.jpg',  255*cv2.resize(pm5sp1, None, fx=2
0, fy=20,[] 
 []


Overfull \hbox (6.74693pt too wide) in paragraph at lines 596--596
[]                                     \OT1/cmtt/m/n/10 interpolation=cv2.INTER
_AREA))[] 
 []


Overfull \hbox (17.24684pt too wide) in paragraph at lines 596--596
[]\OT1/cmtt/m/n/10 cv2.imwrite('pm5sp5.jpg',  255*cv2.resize(pm5sp5, None, fx=2
0, fy=20,[] 
 []


Overfull \hbox (6.74693pt too wide) in paragraph at lines 596--596
[]                                     \OT1/cmtt/m/n/10 interpolation=cv2.INTER
_AREA))[] 
 []

[21] [22] (./Konsta_Kutvonen_report_1.aux) ) 
Here is how much of TeX's memory you used:
 1868 strings out of 492649
 26768 string characters out of 6129622
 93417 words of memory out of 5000000
 5673 multiletter control sequences out of 15000+600000
 8102 words of font info for 29 fonts, out of 8000000 for 9000
 1141 hyphenation exceptions out of 8191
 41i,6n,25p,684b,247s stack positions out of 5000i,500n,10000p,200000b,80000s
</usr/local/texlive/2018/texmf-dist
/fonts/type1/public/amsfonts/cm/cmbx12.pfb></usr/local/texlive/2018/texmf-dist/
fonts/type1/public/amsfonts/cm/cmr10.pfb></usr/local/texlive/2018/texmf-dist/fo
nts/type1/public/amsfonts/cm/cmr12.pfb></usr/local/texlive/2018/texmf-dist/font
s/type1/public/amsfonts/cm/cmr17.pfb></usr/local/texlive/2018/texmf-dist/fonts/
type1/public/amsfonts/cm/cmti12.pfb></usr/local/texlive/2018/texmf-dist/fonts/t
ype1/public/amsfonts/cm/cmtt10.pfb>
Output written on Konsta_Kutvonen_report_1.pdf (22 pages, 5148708 bytes).
PDF statistics:
 185 PDF objects out of 1000 (max. 8388607)
 69 compressed objects within 1 object stream
 0 named destinations out of 1000 (max. 500000)
 411 words of extra memory for PDF output out of 10000 (max. 10000000)

